<?xml version="1.0" encoding="UTF-8"?>
<!-- Generated by org.testng.reporters.JUnitXMLReporter -->
<testsuite ignored="0" hostname="Lohith" failures="0" tests="2" name="Test1" time="1.167" errors="0" timestamp="2022-06-07T11:15:31 IST">
  <testcase classname="testng.ParallelBrowserExecution" name="@BeforeMethod openAppthree" time="1.078">
    <failure type="java.lang.IllegalStateException" message="The path to the driver executable must be set by the webdriver.gecko.driver system property; for more information, see https://github.com/mozilla/geckodriver. The latest version can be downloaded from https://github.com/mozilla/geckodriver/releases">
      <![CDATA[java.lang.IllegalStateException: The path to the driver executable must be set by the webdriver.gecko.driver system property; for more information, see https://github.com/mozilla/geckodriver. The latest version can be downloaded from https://github.com/mozilla/geckodriver/releases
at com.google.common.base.Preconditions.checkState(Preconditions.java:847)
at org.openqa.selenium.remote.service.DriverService.findExecutable(DriverService.java:134)
at org.openqa.selenium.firefox.GeckoDriverService.access$100(GeckoDriverService.java:44)
at org.openqa.selenium.firefox.GeckoDriverService$Builder.findDefaultExecutable(GeckoDriverService.java:167)
at org.openqa.selenium.remote.service.DriverService$Builder.build(DriverService.java:355)
at org.openqa.selenium.firefox.FirefoxDriver.toExecutor(FirefoxDriver.java:190)
at org.openqa.selenium.firefox.FirefoxDriver.<init>(FirefoxDriver.java:147)
at org.openqa.selenium.firefox.FirefoxDriver.<init>(FirefoxDriver.java:125)
at testng.ParallelBrowserExecution.openAppthree(ParallelBrowserExecution.java:34)
at java.base/java.util.ArrayList.forEach(ArrayList.java:1511)
... Removed 31 stack frames]]>
    </failure>
  </testcase> <!-- @BeforeMethod openAppthree -->
  <testcase classname="testng.ParallelBrowserExecution" name="@AfterMethod closeApp" time="-1.6545807319E9">
    <skipped/>
  </testcase> <!-- @AfterMethod closeApp -->
  <testcase classname="testng.ParallelBrowserExecution" name="@BeforeMethod openAppthree" time="-1.654580731904E9">
    <skipped/>
  </testcase> <!-- @BeforeMethod openAppthree -->
  <testcase classname="testng.ParallelBrowserExecution" name="@AfterMethod closeApp" time="-1.654580731915E9">
    <skipped/>
  </testcase> <!-- @AfterMethod closeApp -->
  <testcase classname="testng.ParallelBrowserExecution" name="login" time="0.0">
    <skipped/>
  </testcase> <!-- login -->
  <testcase classname="testng.ParallelBrowserExecution" name="sales" time="0.0">
    <skipped/>
  </testcase> <!-- sales -->
</testsuite> <!-- Test1 -->
